<?xml version="1.0" encoding="UTF-8"?>
<testsuite xmlns:xsi="http://www.w3.org/2001/XMLSchema-instance" xsi:noNamespaceSchemaLocation="https://maven.apache.org/surefire/maven-surefire-plugin/xsd/surefire-test-report-3.0.xsd" version="3.0" name="com.mycompany.petdaycare.ChainOfResponsability.PersonalCentroTest" time="0.092" tests="3" errors="0" skipped="0" failures="0">
  <properties>
    <property name="java.specification.version" value="17"/>
    <property name="sun.cpu.isalist" value="amd64"/>
    <property name="sun.jnu.encoding" value="Cp1252"/>
    <property name="java.class.path" value="C:\Users\ADRIAN CRIP\Documents\GitHub\Tarea04-Refactoring-AnalisisDeCodigo\PetDayCare\target\test-classes;C:\Users\ADRIAN CRIP\Documents\GitHub\Tarea04-Refactoring-AnalisisDeCodigo\PetDayCare\target\classes;C:\Users\ADRIAN CRIP\.m2\repository\org\junit\jupiter\junit-jupiter-api\5.10.3\junit-jupiter-api-5.10.3.jar;C:\Users\ADRIAN CRIP\.m2\repository\org\opentest4j\opentest4j\1.3.0\opentest4j-1.3.0.jar;C:\Users\ADRIAN CRIP\.m2\repository\org\junit\platform\junit-platform-commons\1.10.3\junit-platform-commons-1.10.3.jar;C:\Users\ADRIAN CRIP\.m2\repository\org\apiguardian\apiguardian-api\1.1.2\apiguardian-api-1.1.2.jar;C:\Users\ADRIAN CRIP\.m2\repository\org\junit\jupiter\junit-jupiter-params\5.10.3\junit-jupiter-params-5.10.3.jar;C:\Users\ADRIAN CRIP\.m2\repository\org\junit\jupiter\junit-jupiter-engine\5.10.3\junit-jupiter-engine-5.10.3.jar;C:\Users\ADRIAN CRIP\.m2\repository\org\junit\platform\junit-platform-engine\1.10.3\junit-platform-engine-1.10.3.jar;C:\Users\ADRIAN CRIP\.m2\repository\org\mockito\mockito-core\2.2.5\mockito-core-2.2.5.jar;C:\Users\ADRIAN CRIP\.m2\repository\net\bytebuddy\byte-buddy\1.4.33\byte-buddy-1.4.33.jar;C:\Users\ADRIAN CRIP\.m2\repository\net\bytebuddy\byte-buddy-agent\1.4.33\byte-buddy-agent-1.4.33.jar;C:\Users\ADRIAN CRIP\.m2\repository\org\objenesis\objenesis\2.4\objenesis-2.4.jar;"/>
    <property name="java.vm.vendor" value="Eclipse Adoptium"/>
    <property name="sun.arch.data.model" value="64"/>
    <property name="user.variant" value=""/>
    <property name="java.vendor.url" value="https://adoptium.net/"/>
    <property name="user.timezone" value="America/Guayaquil"/>
    <property name="os.name" value="Windows 10"/>
    <property name="java.vm.specification.version" value="17"/>
    <property name="user.country" value="EC"/>
    <property name="sun.java.launcher" value="SUN_STANDARD"/>
    <property name="sun.boot.library.path" value="C:\Program Files\Eclipse Adoptium\jdk-17.0.16.8-hotspot\bin"/>
    <property name="sun.java.command" value="C:\Users\ADRIAN CRIP\AppData\Local\Temp\surefire18304015954778880968\surefirebooter-20250823134833811_3.jar C:\Users\ADRIAN CRIP\AppData\Local\Temp\surefire18304015954778880968 2025-08-23T13-48-33_593-jvmRun1 surefire-20250823134833811_1tmp surefire_0-20250823134833811_2tmp"/>
    <property name="jdk.debug" value="release"/>
    <property name="test" value="com.mycompany.petdaycare.ChainOfResponsability.PersonalCentroTest"/>
    <property name="surefire.test.class.path" value="C:\Users\ADRIAN CRIP\Documents\GitHub\Tarea04-Refactoring-AnalisisDeCodigo\PetDayCare\target\test-classes;C:\Users\ADRIAN CRIP\Documents\GitHub\Tarea04-Refactoring-AnalisisDeCodigo\PetDayCare\target\classes;C:\Users\ADRIAN CRIP\.m2\repository\org\junit\jupiter\junit-jupiter-api\5.10.3\junit-jupiter-api-5.10.3.jar;C:\Users\ADRIAN CRIP\.m2\repository\org\opentest4j\opentest4j\1.3.0\opentest4j-1.3.0.jar;C:\Users\ADRIAN CRIP\.m2\repository\org\junit\platform\junit-platform-commons\1.10.3\junit-platform-commons-1.10.3.jar;C:\Users\ADRIAN CRIP\.m2\repository\org\apiguardian\apiguardian-api\1.1.2\apiguardian-api-1.1.2.jar;C:\Users\ADRIAN CRIP\.m2\repository\org\junit\jupiter\junit-jupiter-params\5.10.3\junit-jupiter-params-5.10.3.jar;C:\Users\ADRIAN CRIP\.m2\repository\org\junit\jupiter\junit-jupiter-engine\5.10.3\junit-jupiter-engine-5.10.3.jar;C:\Users\ADRIAN CRIP\.m2\repository\org\junit\platform\junit-platform-engine\1.10.3\junit-platform-engine-1.10.3.jar;C:\Users\ADRIAN CRIP\.m2\repository\org\mockito\mockito-core\2.2.5\mockito-core-2.2.5.jar;C:\Users\ADRIAN CRIP\.m2\repository\net\bytebuddy\byte-buddy\1.4.33\byte-buddy-1.4.33.jar;C:\Users\ADRIAN CRIP\.m2\repository\net\bytebuddy\byte-buddy-agent\1.4.33\byte-buddy-agent-1.4.33.jar;C:\Users\ADRIAN CRIP\.m2\repository\org\objenesis\objenesis\2.4\objenesis-2.4.jar;"/>
    <property name="sun.cpu.endian" value="little"/>
    <property name="user.home" value="C:\Users\ADRIAN CRIP"/>
    <property name="user.language" value="es"/>
    <property name="java.specification.vendor" value="Oracle Corporation"/>
    <property name="java.version.date" value="2025-07-15"/>
    <property name="java.home" value="C:\Program Files\Eclipse Adoptium\jdk-17.0.16.8-hotspot"/>
    <property name="file.separator" value="\"/>
    <property name="basedir" value="C:\Users\ADRIAN CRIP\Documents\GitHub\Tarea04-Refactoring-AnalisisDeCodigo\PetDayCare"/>
    <property name="java.vm.compressedOopsMode" value="Zero based"/>
    <property name="line.separator" value="&#10;"/>
    <property name="java.vm.specification.vendor" value="Oracle Corporation"/>
    <property name="java.specification.name" value="Java Platform API Specification"/>
    <property name="surefire.real.class.path" value="C:\Users\ADRIAN CRIP\AppData\Local\Temp\surefire18304015954778880968\surefirebooter-20250823134833811_3.jar"/>
    <property name="user.script" value=""/>
    <property name="sun.management.compiler" value="HotSpot 64-Bit Tiered Compilers"/>
    <property name="java.runtime.version" value="17.0.16+8"/>
    <property name="user.name" value="ADRIAN CRIP"/>
    <property name="path.separator" value=";"/>
    <property name="os.version" value="10.0"/>
    <property name="java.runtime.name" value="OpenJDK Runtime Environment"/>
    <property name="file.encoding" value="Cp1252"/>
    <property name="java.vm.name" value="OpenJDK 64-Bit Server VM"/>
    <property name="java.vendor.version" value="Temurin-17.0.16+8"/>
    <property name="maven.ext.class.path" value="C:\Users\ADRIAN CRIP\.vscode\extensions\oracle.oracle-java-24.0.0\nbcode\java\maven-nblib\netbeans-eventspy.jar"/>
    <property name="localRepository" value="C:\Users\ADRIAN CRIP\.m2\repository"/>
    <property name="java.vendor.url.bug" value="https://github.com/adoptium/adoptium-support/issues"/>
    <property name="java.io.tmpdir" value="C:\Users\ADRIAN~1\AppData\Local\Temp\"/>
    <property name="java.version" value="17.0.16"/>
    <property name="user.dir" value="C:\Users\ADRIAN CRIP\Documents\GitHub\Tarea04-Refactoring-AnalisisDeCodigo\PetDayCare"/>
    <property name="os.arch" value="amd64"/>
    <property name="java.vm.specification.name" value="Java Virtual Machine Specification"/>
    <property name="sun.os.patch.level" value=""/>
    <property name="native.encoding" value="Cp1252"/>
    <property name="java.library.path" value="C:\Program Files\Eclipse Adoptium\jdk-17.0.16.8-hotspot\bin;C:\Windows\Sun\Java\bin;C:\Windows\system32;C:\Windows;C:\Program Files\Eclipse Adoptium\jdk-17.0.16.8-hotspot\bin;C:\Program Files\Eclipse Adoptium\jdk-21.0.4.7-hotspot\bin;C:\Windows\system32;C:\Windows;C:\Windows\System32\Wbem;C:\Windows\System32\WindowsPowerShell\v1.0\;C:\Windows\System32\OpenSSH\;C:\Program Files\dotnet\;C:\Program Files\Git\cmd;C:\Users\ADRIAN CRIP\Downloads\zsdzzsf\sonar-scanner-6.2.1.4610-windows-x64\bin;C:\Program Files (x86)\NVIDIA Corporation\PhysX\Common;C:\Program Files\NVIDIA Corporation\NVIDIA app\NvDLISR;C:\Users\ADRIAN CRIP\Desktop\sonar-scanner-7.2.0.5079-windows-x64\bin;C:\Users\ADRIAN CRIP\Desktop\sonar-scanner-7.2.0.5079-windows-x64\bin;C:\Users\ADRIAN CRIP\AppData\Local\Programs\Microsoft VS Code\bin;."/>
    <property name="java.vm.info" value="mixed mode, sharing"/>
    <property name="java.vendor" value="Eclipse Adoptium"/>
    <property name="java.vm.version" value="17.0.16+8"/>
    <property name="java.specification.maintenance.version" value="1"/>
    <property name="sun.io.unicode.encoding" value="UnicodeLittle"/>
    <property name="java.class.version" value="61.0"/>
  </properties>
  <testcase name="testHandleIncidenteResueltoPorPersonalCentro" classname="com.mycompany.petdaycare.ChainOfResponsability.PersonalCentroTest" time="0.04"/>
  <testcase name="testHandleSinSiguienteEnCadenaNoLanzaExcepcion" classname="com.mycompany.petdaycare.ChainOfResponsability.PersonalCentroTest" time="0.004"/>
  <testcase name="testHandleIncidenteEscaladoAOtroManejador" classname="com.mycompany.petdaycare.ChainOfResponsability.PersonalCentroTest" time="0.003"/>
</testsuite>